Loading args...
Initialized args, start initializing models
start parsing args...
Successfully allocated device:  cuda
Successfully initialized the environment
Sequential(
  (0): Linear(in_features=30, out_features=256, bias=True)
  (1): LeakyReLU(negative_slope=0.01)
  (2): Linear(in_features=256, out_features=256, bias=True)
  (3): LeakyReLU(negative_slope=0.01)
  (4): Linear(in_features=256, out_features=61, bias=True)
)
Successfully initialized the optimizer, start training
round 1, mean_R=0.0049025307591819, mean_top_k_R=0.0049025307591819, num_unique_Rs=16
round 101, mean_R=0.010274242042826943, mean_top_k_R=0.05761214677244425, num_unique_Rs=1616
round 201, mean_R=0.012368528313422373, mean_top_k_R=0.08641005355864763, num_unique_Rs=3216
round 301, mean_R=0.015729456348509058, mean_top_k_R=0.11843379884958267, num_unique_Rs=4816
round 401, mean_R=0.018035326133103626, mean_top_k_R=0.14598109409213067, num_unique_Rs=6416
round 501, mean_R=0.01980637082487988, mean_top_k_R=0.1625753664970398, num_unique_Rs=8013
round 601, mean_R=0.021376162427853982, mean_top_k_R=0.17893431067466736, num_unique_Rs=9610
round 701, mean_R=0.02278172783801088, mean_top_k_R=0.1886634823679924, num_unique_Rs=11207
round 801, mean_R=0.023649690323159174, mean_top_k_R=0.19408760458230973, num_unique_Rs=12802
round 901, mean_R=0.02438904383918056, mean_top_k_R=0.19542667657136917, num_unique_Rs=14396
round 1001, mean_R=0.024972823715392584, mean_top_k_R=0.19974828615784646, num_unique_Rs=15993
round 1101, mean_R=0.025321066328060915, mean_top_k_R=0.2065281441807747, num_unique_Rs=17583
round 1201, mean_R=0.025663157535450593, mean_top_k_R=0.2087064018845558, num_unique_Rs=19175
round 1301, mean_R=0.025991595826565475, mean_top_k_R=0.2128858408331871, num_unique_Rs=20767
round 1401, mean_R=0.026178098922059398, mean_top_k_R=0.21577421367168426, num_unique_Rs=22359
round 1501, mean_R=0.0261836979943262, mean_top_k_R=0.21684422090649605, num_unique_Rs=23950
round 1601, mean_R=0.026321030937435246, mean_top_k_R=0.21993429124355315, num_unique_Rs=25542
round 1701, mean_R=0.026347540169604042, mean_top_k_R=0.22261069297790528, num_unique_Rs=27133
round 1801, mean_R=0.02632966112997467, mean_top_k_R=0.22465837746858597, num_unique_Rs=28722
round 1901, mean_R=0.026395731226927486, mean_top_k_R=0.22539200335741044, num_unique_Rs=30306
round 2001, mean_R=0.026360507448110304, mean_top_k_R=0.22642352148890496, num_unique_Rs=31893
round 2101, mean_R=0.026308200788608977, mean_top_k_R=0.22673088774085046, num_unique_Rs=33477
round 2201, mean_R=0.026340058550717343, mean_top_k_R=0.22828516662120818, num_unique_Rs=35065
round 2301, mean_R=0.026335527391300916, mean_top_k_R=0.22901729837059975, num_unique_Rs=36650
round 2401, mean_R=0.02629439926418696, mean_top_k_R=0.22957755416631698, num_unique_Rs=38229
round 2501, mean_R=0.026222651102747747, mean_top_k_R=0.22974342986941337, num_unique_Rs=39805
round 2601, mean_R=0.026132652716523087, mean_top_k_R=0.22977411344647408, num_unique_Rs=41393
round 2701, mean_R=0.02608498256171661, mean_top_k_R=0.22986293867230415, num_unique_Rs=42982
round 2801, mean_R=0.026052640167893947, mean_top_k_R=0.2312856476008892, num_unique_Rs=44571
round 2901, mean_R=0.02597861643132626, mean_top_k_R=0.23195508256554603, num_unique_Rs=46153
round 3001, mean_R=0.025885472133279457, mean_top_k_R=0.23207303062081336, num_unique_Rs=47729
round 3101, mean_R=0.02584003957823771, mean_top_k_R=0.23241776153445243, num_unique_Rs=49310
round 3201, mean_R=0.025794477825644146, mean_top_k_R=0.2331491069495678, num_unique_Rs=50900
round 3301, mean_R=0.025746800420665433, mean_top_k_R=0.23360887199640273, num_unique_Rs=52484
round 3401, mean_R=0.025692957860928817, mean_top_k_R=0.23480426505208016, num_unique_Rs=54061
round 3501, mean_R=0.025629317292868777, mean_top_k_R=0.2348169468343258, num_unique_Rs=55640
round 3601, mean_R=0.025561067411044767, mean_top_k_R=0.23555001944303514, num_unique_Rs=57222
round 3701, mean_R=0.02550650942219752, mean_top_k_R=0.2359253741800785, num_unique_Rs=58798
round 3801, mean_R=0.02541186957115821, mean_top_k_R=0.23631498202681542, num_unique_Rs=60384
round 3901, mean_R=0.025345745981710258, mean_top_k_R=0.23632905662059783, num_unique_Rs=61960
round 4001, mean_R=0.025306477461542545, mean_top_k_R=0.2369420874118805, num_unique_Rs=63531
round 4101, mean_R=0.025212502772562838, mean_top_k_R=0.2373592296242714, num_unique_Rs=65112
round 4201, mean_R=0.02515966931915, mean_top_k_R=0.2373592296242714, num_unique_Rs=66694
round 4301, mean_R=0.025103858327263626, mean_top_k_R=0.23786422476172447, num_unique_Rs=68266
round 4401, mean_R=0.02503595815218129, mean_top_k_R=0.2378798894584179, num_unique_Rs=69844
round 4501, mean_R=0.02496115344635412, mean_top_k_R=0.23800441905856132, num_unique_Rs=71417
round 4601, mean_R=0.02491611969946517, mean_top_k_R=0.23835035607218744, num_unique_Rs=72993
round 4701, mean_R=0.024854184638052005, mean_top_k_R=0.23946674525737763, num_unique_Rs=74572
round 4801, mean_R=0.024799038948913173, mean_top_k_R=0.23964099526405336, num_unique_Rs=76148
round 4901, mean_R=0.024754258085633123, mean_top_k_R=0.2401459901034832, num_unique_Rs=77725
round 5001, mean_R=0.02468862341356652, mean_top_k_R=0.2401459901034832, num_unique_Rs=79300
round 5101, mean_R=0.024640536770720662, mean_top_k_R=0.2401459901034832, num_unique_Rs=80878
round 5201, mean_R=0.024592296918766094, mean_top_k_R=0.24020699590444564, num_unique_Rs=82454
round 5301, mean_R=0.024534848284008412, mean_top_k_R=0.2405529323220253, num_unique_Rs=84024
round 5401, mean_R=0.024485525272572375, mean_top_k_R=0.2405529323220253, num_unique_Rs=85592
round 5501, mean_R=0.024448844033469884, mean_top_k_R=0.24056859627366067, num_unique_Rs=87167
round 5601, mean_R=0.024381666818709, mean_top_k_R=0.24056859627366067, num_unique_Rs=88743
round 5701, mean_R=0.024323458497043482, mean_top_k_R=0.24074284598231316, num_unique_Rs=90317
round 5801, mean_R=0.024267893781706858, mean_top_k_R=0.2410851748287678, num_unique_Rs=91882
round 5901, mean_R=0.02423079614443052, mean_top_k_R=0.24170216232538222, num_unique_Rs=93452
round 6001, mean_R=0.02420263038419044, mean_top_k_R=0.2418455557525158, num_unique_Rs=95022
round 6101, mean_R=0.02414253788189179, mean_top_k_R=0.24198894888162614, num_unique_Rs=96588
round 6201, mean_R=0.024080293331775908, mean_top_k_R=0.24198894888162614, num_unique_Rs=98162
round 6301, mean_R=0.02401517765461231, mean_top_k_R=0.24239166289567948, num_unique_Rs=99738
round 6401, mean_R=0.023982228451074505, mean_top_k_R=0.24243905037641525, num_unique_Rs=101314
round 6501, mean_R=0.02394063119237197, mean_top_k_R=0.24276932194828987, num_unique_Rs=102885
round 6601, mean_R=0.023894882189758136, mean_top_k_R=0.24276932194828987, num_unique_Rs=104455
round 6701, mean_R=0.02386815127830067, mean_top_k_R=0.24287818610668183, num_unique_Rs=106031
round 6801, mean_R=0.023829662675331025, mean_top_k_R=0.24287818610668183, num_unique_Rs=107600
round 6901, mean_R=0.023793236468318733, mean_top_k_R=0.24287818610668183, num_unique_Rs=109178
round 7001, mean_R=0.023736354467498114, mean_top_k_R=0.24287818610668183, num_unique_Rs=110748
round 7101, mean_R=0.02369901048255971, mean_top_k_R=0.24287818610668183, num_unique_Rs=112322
round 7201, mean_R=0.02363839878645399, mean_top_k_R=0.24287818610668183, num_unique_Rs=113891
round 7301, mean_R=0.023600244114394736, mean_top_k_R=0.24287818610668183, num_unique_Rs=115460
round 7401, mean_R=0.023573650690892133, mean_top_k_R=0.24287818610668183, num_unique_Rs=117032
round 7501, mean_R=0.02353328729654874, mean_top_k_R=0.24287818610668183, num_unique_Rs=118600
round 7601, mean_R=0.023520129020975476, mean_top_k_R=0.2431921650469303, num_unique_Rs=120173
round 7701, mean_R=0.023486727831424588, mean_top_k_R=0.2431921650469303, num_unique_Rs=121730
round 7801, mean_R=0.02345892732703513, mean_top_k_R=0.2433684653043747, num_unique_Rs=123305
round 7901, mean_R=0.02343222617208759, mean_top_k_R=0.2435118578374386, num_unique_Rs=124875
round 8001, mean_R=0.023381271523071942, mean_top_k_R=0.2435118578374386, num_unique_Rs=126436
round 8101, mean_R=0.02334167255504927, mean_top_k_R=0.24396726235747337, num_unique_Rs=127999
round 8201, mean_R=0.02331363727969019, mean_top_k_R=0.24421118393540384, num_unique_Rs=129565
round 8301, mean_R=0.023275474907466724, mean_top_k_R=0.24422566443681717, num_unique_Rs=131133
round 8401, mean_R=0.023247194785513483, mean_top_k_R=0.24506777465343477, num_unique_Rs=132702
round 8501, mean_R=0.023228760422364495, mean_top_k_R=0.2454198645055294, num_unique_Rs=134258
round 8601, mean_R=0.02320197263771097, mean_top_k_R=0.24580080270767213, num_unique_Rs=135824
round 8701, mean_R=0.023172257188946846, mean_top_k_R=0.2459136089682579, num_unique_Rs=137380
round 8801, mean_R=0.023144232760031795, mean_top_k_R=0.24632162645459174, num_unique_Rs=138940
round 8901, mean_R=0.02310792533525829, mean_top_k_R=0.24632162645459174, num_unique_Rs=140501
round 9001, mean_R=0.023076183864905755, mean_top_k_R=0.24658821821212767, num_unique_Rs=142072
round 9101, mean_R=0.023029412511680867, mean_top_k_R=0.24658821821212767, num_unique_Rs=143641
round 9201, mean_R=0.022998569357804997, mean_top_k_R=0.2469511942565441, num_unique_Rs=145198
round 9301, mean_R=0.022971798046435357, mean_top_k_R=0.24757010757923126, num_unique_Rs=146760
round 9401, mean_R=0.022946202825189197, mean_top_k_R=0.24779151648283004, num_unique_Rs=148320
round 9501, mean_R=0.02291450638230671, mean_top_k_R=0.24782604455947876, num_unique_Rs=149888
round 9601, mean_R=0.022899900426563546, mean_top_k_R=0.24782604455947876, num_unique_Rs=151440
round 9701, mean_R=0.02286907471230382, mean_top_k_R=0.24782604455947876, num_unique_Rs=153009
round 9801, mean_R=0.022851126335617294, mean_top_k_R=0.24782604455947876, num_unique_Rs=154567
round 9901, mean_R=0.022830862301100863, mean_top_k_R=0.24782604455947876, num_unique_Rs=156136
round 10001, mean_R=0.022790972945115513, mean_top_k_R=0.24782604455947876, num_unique_Rs=157706
