wandb: Using wandb-core as the SDK backend.  Please refer to https://wandb.me/wandb-core for more information.
wandb: Currently logged in as: 1969773923 (1969773923-shanghai-jiao-tong-university) to https://api.wandb.ai. Use `wandb login --relogin` to force relogin
wandb: Tracking run with wandb version 0.19.9
wandb: Run data is saved locally in /home/lchen/home/FL-GFN/set/wandb/run-20250422_124652-7cw15935
wandb: Run `wandb offline` to turn off syncing.
wandb: Syncing run method(db_gfn)_size(small)_alpha(0.5)_seed(1)
wandb: ⭐️ View project at https://wandb.ai/1969773923-shanghai-jiao-tong-university/Length%20Biased%20GFlowNets%2C%20FL-GFN-codebase%2C%20Set%20Generation
wandb: 🚀 View run at https://wandb.ai/1969773923-shanghai-jiao-tong-university/Length%20Biased%20GFlowNets%2C%20FL-GFN-codebase%2C%20Set%20Generation/runs/7cw15935
wandb: Using wandb-core as the SDK backend.  Please refer to https://wandb.me/wandb-core for more information.
wandb: Currently logged in as: 1969773923 (1969773923-shanghai-jiao-tong-university) to https://api.wandb.ai. Use `wandb login --relogin` to force relogin
wandb: Tracking run with wandb version 0.19.9
wandb: Run data is saved locally in /home/lchen/home/FL-GFN/set/wandb/run-20250422_130955-eg2l7cfw
wandb: Run `wandb offline` to turn off syncing.
wandb: Syncing run method(fl_db_gfn)_size(small)_alpha(0.5)_seed(1)
wandb: ⭐️ View project at https://wandb.ai/1969773923-shanghai-jiao-tong-university/Length%20Biased%20GFlowNets%2C%20FL-GFN-codebase%2C%20Set%20Generation
wandb: 🚀 View run at https://wandb.ai/1969773923-shanghai-jiao-tong-university/Length%20Biased%20GFlowNets%2C%20FL-GFN-codebase%2C%20Set%20Generation/runs/eg2l7cfw
Traceback (most recent call last):
  File "/home/lchen/home/FL-GFN/set/gflownet.py", line 606, in <module>
    main(args)
  File "/home/lchen/home/FL-GFN/set/gflownet.py", line 571, in main
    experiences = agent.sample_many(args.mbsize)
                  ^^^^^
UnboundLocalError: cannot access local variable 'agent' where it is not associated with a value
wandb: Using wandb-core as the SDK backend.  Please refer to https://wandb.me/wandb-core for more information.
wandb: Currently logged in as: 1969773923 (1969773923-shanghai-jiao-tong-university) to https://api.wandb.ai. Use `wandb login --relogin` to force relogin
wandb: creating run
wandb: Tracking run with wandb version 0.19.9
wandb: Run data is saved locally in /home/lchen/home/FL-GFN/set/wandb/run-20250422_131047-bvlmv9hq
wandb: Run `wandb offline` to turn off syncing.
wandb: Syncing run method(tb_gfn)_size(small)_alpha(0.5)_seed(1)
wandb: ⭐️ View project at https://wandb.ai/1969773923-shanghai-jiao-tong-university/Length%20Biased%20GFlowNets%2C%20FL-GFN-codebase%2C%20Set%20Generation
wandb: 🚀 View run at https://wandb.ai/1969773923-shanghai-jiao-tong-university/Length%20Biased%20GFlowNets%2C%20FL-GFN-codebase%2C%20Set%20Generation/runs/bvlmv9hq
wandb: Using wandb-core as the SDK backend.  Please refer to https://wandb.me/wandb-core for more information.
wandb: Currently logged in as: 1969773923 (1969773923-shanghai-jiao-tong-university) to https://api.wandb.ai. Use `wandb login --relogin` to force relogin
wandb: Tracking run with wandb version 0.19.9
wandb: Run data is saved locally in /home/lchen/home/FL-GFN/set/wandb/run-20250422_133238-jdhnat4d
wandb: Run `wandb offline` to turn off syncing.
wandb: Syncing run method(db_gfn)_size(medium)_alpha(0.5)_seed(1)
wandb: ⭐️ View project at https://wandb.ai/1969773923-shanghai-jiao-tong-university/Length%20Biased%20GFlowNets%2C%20FL-GFN-codebase%2C%20Set%20Generation
wandb: 🚀 View run at https://wandb.ai/1969773923-shanghai-jiao-tong-university/Length%20Biased%20GFlowNets%2C%20FL-GFN-codebase%2C%20Set%20Generation/runs/jdhnat4d
slurmstepd: error: *** JOB 79334 ON node3 CANCELLED AT 2025-04-22T13:34:13 ***
